<?xml version="1.0" encoding="UTF-8"?>
<!-- Generated by org.testng.reporters.JUnitXMLReporter -->
<testsuite ignored="0" hostname="Ditcher" failures="0" tests="10" name="Default test" time="94.485" errors="0" timestamp="2022-05-04T05:47:29 ACST">
  <testcase classname="com.automation.WebAutomation.WebAutomationUsingSelenium" name="UserisAbleToSeeCheckOutButtonWhenItemIsInCartAndClickOnCartLink" time="6.296"/>
  <testcase classname="com.automation.WebAutomation.WebAutomationUsingSelenium" name="userIsAbelToSubmitContactInformation" time="13.835"/>
  <testcase classname="com.automation.WebAutomation.WebAutomationUsingSelenium" name="userIsAbleToAddItemInCartAndTotalItemNumberShouldDisplayOnCart" time="0.387"/>
  <testcase classname="com.automation.WebAutomation.WebAutomationUsingSelenium" name="userIsAbleToEmptyCartByClickingEmptyCartButton" time="6.441"/>
  <testcase classname="com.automation.WebAutomation.WebAutomationUsingSelenium" name="userIsAbleToNavigateCartPage" time="0.094"/>
  <testcase classname="com.automation.WebAutomation.WebAutomationUsingSelenium" name="userIsAbleToNavigateContactPage" time="0.345"/>
  <testcase classname="com.automation.WebAutomation.WebAutomationUsingSelenium" name="userIsAbleToNavigateLoginPage" time="0.158"/>
  <testcase classname="com.automation.WebAutomation.WebAutomationUsingSelenium" name="userIsAbleToNavigateShoppingPage" time="0.106"/>
  <testcase classname="com.automation.WebAutomation.WebAutomationUsingSelenium" name="userIsAbletoNavigateCheckOutPageIfItemIsInCart" time="8.297"/>
  <testcase classname="com.automation.WebAutomation.WebAutomationUsingSelenium" name="userIsAbletoSubmitOrder" time="21.012"/>
</testsuite> <!-- Default test -->
