<?xml version="1.0" encoding="UTF-8"?>
<testng-results ignored="0" total="10" passed="10" failed="0" skipped="0">
  <reporter-output>
  </reporter-output>
  <suite started-at="2022-05-04T05:45:54 ACST" name="Default suite" finished-at="2022-05-04T05:47:29 ACST" duration-ms="94485">
    <groups>
    </groups>
    <test started-at="2022-05-04T05:45:54 ACST" name="Default test" finished-at="2022-05-04T05:47:29 ACST" duration-ms="94485">
      <class name="com.automation.WebAutomation.WebAutomationUsingSelenium">
        <test-method is-config="true" signature="beforeMethod()[pri:0, instance:com.automation.WebAutomation.WebAutomationUsingSelenium@2473d930]" started-at="2022-05-04T05:45:54 ACST" name="beforeMethod" finished-at="2022-05-04T05:45:59 ACST" duration-ms="4770" status="PASS">
          <reporter-output>
          </reporter-output>
        </test-method> <!-- beforeMethod -->
        <test-method signature="UserisAbleToSeeCheckOutButtonWhenItemIsInCartAndClickOnCartLink()[pri:0, instance:com.automation.WebAutomation.WebAutomationUsingSelenium@2473d930]" started-at="2022-05-04T05:45:59 ACST" name="UserisAbleToSeeCheckOutButtonWhenItemIsInCartAndClickOnCartLink" finished-at="2022-05-04T05:46:05 ACST" duration-ms="6296" status="PASS">
          <reporter-output>
          </reporter-output>
        </test-method> <!-- UserisAbleToSeeCheckOutButtonWhenItemIsInCartAndClickOnCartLink -->
        <test-method is-config="true" signature="afterMethod()[pri:0, instance:com.automation.WebAutomation.WebAutomationUsingSelenium@2473d930]" started-at="2022-05-04T05:46:05 ACST" name="afterMethod" finished-at="2022-05-04T05:46:05 ACST" duration-ms="304" status="PASS">
          <reporter-output>
          </reporter-output>
        </test-method> <!-- afterMethod -->
        <test-method is-config="true" signature="beforeMethod()[pri:0, instance:com.automation.WebAutomation.WebAutomationUsingSelenium@2473d930]" started-at="2022-05-04T05:46:05 ACST" name="beforeMethod" finished-at="2022-05-04T05:46:09 ACST" duration-ms="3396" status="PASS">
          <reporter-output>
          </reporter-output>
        </test-method> <!-- beforeMethod -->
        <test-method signature="userIsAbelToSubmitContactInformation()[pri:0, instance:com.automation.WebAutomation.WebAutomationUsingSelenium@2473d930]" started-at="2022-05-04T05:46:09 ACST" name="userIsAbelToSubmitContactInformation" finished-at="2022-05-04T05:46:23 ACST" duration-ms="13835" status="PASS">
          <reporter-output>
          </reporter-output>
        </test-method> <!-- userIsAbelToSubmitContactInformation -->
        <test-method is-config="true" signature="afterMethod()[pri:0, instance:com.automation.WebAutomation.WebAutomationUsingSelenium@2473d930]" started-at="2022-05-04T05:46:23 ACST" name="afterMethod" finished-at="2022-05-04T05:46:23 ACST" duration-ms="195" status="PASS">
          <reporter-output>
          </reporter-output>
        </test-method> <!-- afterMethod -->
        <test-method is-config="true" signature="beforeMethod()[pri:0, instance:com.automation.WebAutomation.WebAutomationUsingSelenium@2473d930]" started-at="2022-05-04T05:46:23 ACST" name="beforeMethod" finished-at="2022-05-04T05:46:26 ACST" duration-ms="3394" status="PASS">
          <reporter-output>
          </reporter-output>
        </test-method> <!-- beforeMethod -->
        <test-method signature="userIsAbleToAddItemInCartAndTotalItemNumberShouldDisplayOnCart()[pri:0, instance:com.automation.WebAutomation.WebAutomationUsingSelenium@2473d930]" started-at="2022-05-04T05:46:26 ACST" name="userIsAbleToAddItemInCartAndTotalItemNumberShouldDisplayOnCart" finished-at="2022-05-04T05:46:27 ACST" duration-ms="387" status="PASS">
          <reporter-output>
          </reporter-output>
        </test-method> <!-- userIsAbleToAddItemInCartAndTotalItemNumberShouldDisplayOnCart -->
        <test-method is-config="true" signature="afterMethod()[pri:0, instance:com.automation.WebAutomation.WebAutomationUsingSelenium@2473d930]" started-at="2022-05-04T05:46:27 ACST" name="afterMethod" finished-at="2022-05-04T05:46:27 ACST" duration-ms="161" status="PASS">
          <reporter-output>
          </reporter-output>
        </test-method> <!-- afterMethod -->
        <test-method is-config="true" signature="beforeMethod()[pri:0, instance:com.automation.WebAutomation.WebAutomationUsingSelenium@2473d930]" started-at="2022-05-04T05:46:27 ACST" name="beforeMethod" finished-at="2022-05-04T05:46:30 ACST" duration-ms="3375" status="PASS">
          <reporter-output>
          </reporter-output>
        </test-method> <!-- beforeMethod -->
        <test-method signature="userIsAbleToEmptyCartByClickingEmptyCartButton()[pri:0, instance:com.automation.WebAutomation.WebAutomationUsingSelenium@2473d930]" started-at="2022-05-04T05:46:30 ACST" name="userIsAbleToEmptyCartByClickingEmptyCartButton" finished-at="2022-05-04T05:46:37 ACST" duration-ms="6441" status="PASS">
          <reporter-output>
          </reporter-output>
        </test-method> <!-- userIsAbleToEmptyCartByClickingEmptyCartButton -->
        <test-method is-config="true" signature="afterMethod()[pri:0, instance:com.automation.WebAutomation.WebAutomationUsingSelenium@2473d930]" started-at="2022-05-04T05:46:37 ACST" name="afterMethod" finished-at="2022-05-04T05:46:37 ACST" duration-ms="126" status="PASS">
          <reporter-output>
          </reporter-output>
        </test-method> <!-- afterMethod -->
        <test-method is-config="true" signature="beforeMethod()[pri:0, instance:com.automation.WebAutomation.WebAutomationUsingSelenium@2473d930]" started-at="2022-05-04T05:46:37 ACST" name="beforeMethod" finished-at="2022-05-04T05:46:40 ACST" duration-ms="3380" status="PASS">
          <reporter-output>
          </reporter-output>
        </test-method> <!-- beforeMethod -->
        <test-method signature="userIsAbleToNavigateCartPage()[pri:0, instance:com.automation.WebAutomation.WebAutomationUsingSelenium@2473d930]" started-at="2022-05-04T05:46:40 ACST" name="userIsAbleToNavigateCartPage" finished-at="2022-05-04T05:46:40 ACST" duration-ms="94" status="PASS">
          <reporter-output>
          </reporter-output>
        </test-method> <!-- userIsAbleToNavigateCartPage -->
        <test-method is-config="true" signature="afterMethod()[pri:0, instance:com.automation.WebAutomation.WebAutomationUsingSelenium@2473d930]" started-at="2022-05-04T05:46:40 ACST" name="afterMethod" finished-at="2022-05-04T05:46:40 ACST" duration-ms="233" status="PASS">
          <reporter-output>
          </reporter-output>
        </test-method> <!-- afterMethod -->
        <test-method is-config="true" signature="beforeMethod()[pri:0, instance:com.automation.WebAutomation.WebAutomationUsingSelenium@2473d930]" started-at="2022-05-04T05:46:40 ACST" name="beforeMethod" finished-at="2022-05-04T05:46:44 ACST" duration-ms="3564" status="PASS">
          <reporter-output>
          </reporter-output>
        </test-method> <!-- beforeMethod -->
        <test-method signature="userIsAbleToNavigateContactPage()[pri:0, instance:com.automation.WebAutomation.WebAutomationUsingSelenium@2473d930]" started-at="2022-05-04T05:46:44 ACST" name="userIsAbleToNavigateContactPage" finished-at="2022-05-04T05:46:44 ACST" duration-ms="345" status="PASS">
          <reporter-output>
          </reporter-output>
        </test-method> <!-- userIsAbleToNavigateContactPage -->
        <test-method is-config="true" signature="afterMethod()[pri:0, instance:com.automation.WebAutomation.WebAutomationUsingSelenium@2473d930]" started-at="2022-05-04T05:46:44 ACST" name="afterMethod" finished-at="2022-05-04T05:46:45 ACST" duration-ms="160" status="PASS">
          <reporter-output>
          </reporter-output>
        </test-method> <!-- afterMethod -->
        <test-method is-config="true" signature="beforeMethod()[pri:0, instance:com.automation.WebAutomation.WebAutomationUsingSelenium@2473d930]" started-at="2022-05-04T05:46:45 ACST" name="beforeMethod" finished-at="2022-05-04T05:46:48 ACST" duration-ms="3425" status="PASS">
          <reporter-output>
          </reporter-output>
        </test-method> <!-- beforeMethod -->
        <test-method signature="userIsAbleToNavigateLoginPage()[pri:0, instance:com.automation.WebAutomation.WebAutomationUsingSelenium@2473d930]" started-at="2022-05-04T05:46:48 ACST" name="userIsAbleToNavigateLoginPage" finished-at="2022-05-04T05:46:48 ACST" duration-ms="158" status="PASS">
          <reporter-output>
          </reporter-output>
        </test-method> <!-- userIsAbleToNavigateLoginPage -->
        <test-method is-config="true" signature="afterMethod()[pri:0, instance:com.automation.WebAutomation.WebAutomationUsingSelenium@2473d930]" started-at="2022-05-04T05:46:48 ACST" name="afterMethod" finished-at="2022-05-04T05:46:48 ACST" duration-ms="188" status="PASS">
          <reporter-output>
          </reporter-output>
        </test-method> <!-- afterMethod -->
        <test-method is-config="true" signature="beforeMethod()[pri:0, instance:com.automation.WebAutomation.WebAutomationUsingSelenium@2473d930]" started-at="2022-05-04T05:46:48 ACST" name="beforeMethod" finished-at="2022-05-04T05:46:52 ACST" duration-ms="3385" status="PASS">
          <reporter-output>
          </reporter-output>
        </test-method> <!-- beforeMethod -->
        <test-method signature="userIsAbleToNavigateShoppingPage()[pri:0, instance:com.automation.WebAutomation.WebAutomationUsingSelenium@2473d930]" started-at="2022-05-04T05:46:52 ACST" name="userIsAbleToNavigateShoppingPage" finished-at="2022-05-04T05:46:52 ACST" duration-ms="106" status="PASS">
          <reporter-output>
          </reporter-output>
        </test-method> <!-- userIsAbleToNavigateShoppingPage -->
        <test-method is-config="true" signature="afterMethod()[pri:0, instance:com.automation.WebAutomation.WebAutomationUsingSelenium@2473d930]" started-at="2022-05-04T05:46:52 ACST" name="afterMethod" finished-at="2022-05-04T05:46:52 ACST" duration-ms="157" status="PASS">
          <reporter-output>
          </reporter-output>
        </test-method> <!-- afterMethod -->
        <test-method is-config="true" signature="beforeMethod()[pri:0, instance:com.automation.WebAutomation.WebAutomationUsingSelenium@2473d930]" started-at="2022-05-04T05:46:52 ACST" name="beforeMethod" finished-at="2022-05-04T05:46:55 ACST" duration-ms="3285" status="PASS">
          <reporter-output>
          </reporter-output>
        </test-method> <!-- beforeMethod -->
        <test-method signature="userIsAbletoNavigateCheckOutPageIfItemIsInCart()[pri:0, instance:com.automation.WebAutomation.WebAutomationUsingSelenium@2473d930]" started-at="2022-05-04T05:46:55 ACST" name="userIsAbletoNavigateCheckOutPageIfItemIsInCart" finished-at="2022-05-04T05:47:04 ACST" duration-ms="8297" status="PASS">
          <reporter-output>
          </reporter-output>
        </test-method> <!-- userIsAbletoNavigateCheckOutPageIfItemIsInCart -->
        <test-method is-config="true" signature="afterMethod()[pri:0, instance:com.automation.WebAutomation.WebAutomationUsingSelenium@2473d930]" started-at="2022-05-04T05:47:04 ACST" name="afterMethod" finished-at="2022-05-04T05:47:04 ACST" duration-ms="137" status="PASS">
          <reporter-output>
          </reporter-output>
        </test-method> <!-- afterMethod -->
        <test-method is-config="true" signature="beforeMethod()[pri:0, instance:com.automation.WebAutomation.WebAutomationUsingSelenium@2473d930]" started-at="2022-05-04T05:47:04 ACST" name="beforeMethod" finished-at="2022-05-04T05:47:07 ACST" duration-ms="3668" status="PASS">
          <reporter-output>
          </reporter-output>
        </test-method> <!-- beforeMethod -->
        <test-method signature="userIsAbletoSubmitOrder()[pri:0, instance:com.automation.WebAutomation.WebAutomationUsingSelenium@2473d930]" started-at="2022-05-04T05:47:07 ACST" name="userIsAbletoSubmitOrder" finished-at="2022-05-04T05:47:28 ACST" duration-ms="21012" status="PASS">
          <reporter-output>
          </reporter-output>
        </test-method> <!-- userIsAbletoSubmitOrder -->
        <test-method is-config="true" signature="afterMethod()[pri:0, instance:com.automation.WebAutomation.WebAutomationUsingSelenium@2473d930]" started-at="2022-05-04T05:47:28 ACST" name="afterMethod" finished-at="2022-05-04T05:47:29 ACST" duration-ms="145" status="PASS">
          <reporter-output>
          </reporter-output>
        </test-method> <!-- afterMethod -->
      </class> <!-- com.automation.WebAutomation.WebAutomationUsingSelenium -->
    </test> <!-- Default test -->
  </suite> <!-- Default suite -->
</testng-results>
